c:\users\vovaa\onedrive\рабочий стол\cg\tucna\terrain\terrain\x64\debug\vc143.pdb
c:\users\vovaa\onedrive\рабочий стол\cg\tucna\terrain\terrain\x64\debug\vc143.idb
c:\users\vovaa\onedrive\рабочий стол\cg\tucna\terrain\terrain\x64\debug\world.obj
c:\users\vovaa\onedrive\рабочий стол\cg\tucna\terrain\terrain\x64\debug\shadermanager.obj
c:\users\vovaa\onedrive\рабочий стол\cg\tucna\terrain\terrain\x64\debug\main.obj
c:\users\vovaa\onedrive\рабочий стол\cg\tucna\terrain\terrain\x64\debug\game.obj
c:\users\vovaa\onedrive\рабочий стол\cg\tucna\terrain\terrain\x64\debug\camera.obj
c:\users\vovaa\onedrive\рабочий стол\cg\tucna\terrain\terrain\x64\debug\terrain.pch
c:\users\vovaa\onedrive\рабочий стол\cg\tucna\terrain\terrain\x64\debug\pch.obj
c:\users\vovaa\onedrive\рабочий стол\cg\tucna\terrain\terrain\x64\debug\terraintile.obj
c:\users\vovaa\onedrive\рабочий стол\cg\tucna\terrain\terrain\x64\debug\quadtree.obj
c:\users\vovaa\onedrive\рабочий стол\cg\tucna\terrain\x64\debug\terrain.exe
c:\users\vovaa\onedrive\рабочий стол\cg\tucna\terrain\x64\debug\terrain.pdb
c:\users\vovaa\onedrive\рабочий стол\cg\tucna\terrain\terrain\x64\debug\resource.res
c:\users\vovaa\onedrive\рабочий стол\cg\tucna\terrain\terrain\x64\debug\terrain.exe.embed.manifest.res
c:\users\vovaa\onedrive\рабочий стол\cg\tucna\terrain\x64\debug\terrain.lib
c:\users\vovaa\onedrive\рабочий стол\cg\tucna\terrain\x64\debug\terrain.exp
c:\users\vovaa\onedrive\рабочий стол\cg\tucna\terrain\terrain\x64\debug\terrain.ilk
c:\users\vovaa\onedrive\рабочий стол\cg\tucna\terrain\terrain\x64\debug\terrain.exe.embed.manifest
c:\users\vovaa\onedrive\рабочий стол\cg\tucna\terrain\terrain\x64\debug\terrain_manifest.rc
c:\users\vovaa\onedrive\рабочий стол\cg\tucna\terrain\terrain\x64\debug\terrain.tlog\cl.command.1.tlog
c:\users\vovaa\onedrive\рабочий стол\cg\tucna\terrain\terrain\x64\debug\terrain.tlog\cl.items.tlog
c:\users\vovaa\onedrive\рабочий стол\cg\tucna\terrain\terrain\x64\debug\terrain.tlog\cl.read.1.tlog
c:\users\vovaa\onedrive\рабочий стол\cg\tucna\terrain\terrain\x64\debug\terrain.tlog\cl.write.1.tlog
c:\users\vovaa\onedrive\рабочий стол\cg\tucna\terrain\terrain\x64\debug\terrain.tlog\link.command.1.tlog
c:\users\vovaa\onedrive\рабочий стол\cg\tucna\terrain\terrain\x64\debug\terrain.tlog\link.read.1.tlog
c:\users\vovaa\onedrive\рабочий стол\cg\tucna\terrain\terrain\x64\debug\terrain.tlog\link.secondary.1.tlog
c:\users\vovaa\onedrive\рабочий стол\cg\tucna\terrain\terrain\x64\debug\terrain.tlog\link.write.1.tlog
c:\users\vovaa\onedrive\рабочий стол\cg\tucna\terrain\terrain\x64\debug\terrain.tlog\rc.command.1.tlog
c:\users\vovaa\onedrive\рабочий стол\cg\tucna\terrain\terrain\x64\debug\terrain.tlog\rc.read.1.tlog
c:\users\vovaa\onedrive\рабочий стол\cg\tucna\terrain\terrain\x64\debug\terrain.tlog\rc.write.1.tlog
